2026-04-24 12:32:00 - Updated Sea Trail courses (Byrd, Jones, Maples) in nc.json with post-renovation (2024/2025) yardages, par, and handicaps. Added Blue, Red, and Teal tees.
2026-04-24 12:33:00 - Added Blue, Red, and Teal tee options to the setup screen in index.html.
[2026-04-24] v276.0-GOLD Release
- Updated Sea Trail (Byrd, Jones, Maples) with 2024/2025 renovation data.
- Added full 5-tee support (Blue, White, Gold, Red, Teal) for Sea Trail.
- Fixed Combo tee selection logic to dynamically disable based on data availability.
- Promoted build to GOLD STANDARD.
- Verified stable Sea Trail scorecard yardages and handicaps.
2026-04-24 12:37:00 - Updated app.js logic to dynamically disable tee options (like Combo) if course data is missing.
2026-04-24 12:38:00 - Restored Combo tee support for Sea Trail courses by adding 'cmb' mask (White/Gold mix).
[2026-05-07] v280.7 Release
- Fixed navigation and auto-forward logic for rounds starting on Hole 10.
- Corrected junk scoring hole mapping (getAbsHole) in calcJunkRes.
- Added defensive NaN checks and course data fallbacks in getPops and junk calculations.
- Ensured hole state persistence as integers.
- Verified fixes with automated logic test harness.

[2026-05-07] v280.8 Release
- Fixed a critical crash in navH caused by missing auto-adv-banner element in some UI states.
- Added defensive DOM checks to prevent script termination during hole transitions.
- Strengthened course data lookups in junk scoring.

2026-05-21 21:05:00 - Updated Rivers Edge (re) in nc.json with scorecard yardages, par, and handicaps. Added Gold, Black, White, Green, and Blue tees.
